The target system is: Windows -  - 
The host system is: Linux - 4.13.3-1-ARCH - x86_64
Compiling the C compiler identification source file "CMakeCCompilerId.c" succeeded.
Compiler: /usr/bin/x86_64-w64-mingw32-gcc 
Build flags: 
Id flags:  

The output was:
0


Compilation of the C compiler identification source "CMakeCCompilerId.c" produced "a.exe"

The C compiler identification is GNU, found in "/mnt/datos/orco/orpocopo2/trackerdetect/build_win/CMakeFiles/3.9.4/CompilerIdC/a.exe"

Compiling the CXX compiler identification source file "CMakeCXXCompilerId.cpp" succeeded.
Compiler: /usr/bin/x86_64-w64-mingw32-g++ 
Build flags: 
Id flags:  

The output was:
0


Compilation of the CXX compiler identification source "CMakeCXXCompilerId.cpp" produced "a.exe"

The CXX compiler identification is GNU, found in "/mnt/datos/orco/orpocopo2/trackerdetect/build_win/CMakeFiles/3.9.4/CompilerIdCXX/a.exe"

Determining if the C compiler works passed with the following output:
Change Dir: /mnt/datos/orco/orpocopo2/trackerdetect/build_win/CMakeFiles/CMakeTmp

Run Build Command:"/usr/bin/make" "cmTC_59f54/fast"
/usr/bin/make -f CMakeFiles/cmTC_59f54.dir/build.make CMakeFiles/cmTC_59f54.dir/build
make[1]: Entering directory '/mnt/datos/orco/orpocopo2/trackerdetect/build_win/CMakeFiles/CMakeTmp'
Building C object CMakeFiles/cmTC_59f54.dir/testCCompiler.c.obj
/usr/bin/x86_64-w64-mingw32-gcc  @CMakeFiles/cmTC_59f54.dir/includes_C.rsp  -o CMakeFiles/cmTC_59f54.dir/testCCompiler.c.obj   -c /mnt/datos/orco/orpocopo2/trackerdetect/build_win/CMakeFiles/CMakeTmp/testCCompiler.c
Linking C executable cmTC_59f54.exe
/usr/bin/cmake -E cmake_link_script CMakeFiles/cmTC_59f54.dir/link.txt --verbose=1
/usr/bin/cmake -E remove -f CMakeFiles/cmTC_59f54.dir/objects.a
/usr/bin/x86_64-w64-mingw32-ar cr CMakeFiles/cmTC_59f54.dir/objects.a @CMakeFiles/cmTC_59f54.dir/objects1.rsp
/usr/bin/x86_64-w64-mingw32-gcc      -Wl,--whole-archive CMakeFiles/cmTC_59f54.dir/objects.a -Wl,--no-whole-archive  -o cmTC_59f54.exe -Wl,--out-implib,libcmTC_59f54.dll.a -Wl,--major-image-version,0,--minor-image-version,0 @CMakeFiles/cmTC_59f54.dir/linklibs.rsp
make[1]: Leaving directory '/mnt/datos/orco/orpocopo2/trackerdetect/build_win/CMakeFiles/CMakeTmp'


Detecting C compiler ABI info compiled with the following output:
Change Dir: /mnt/datos/orco/orpocopo2/trackerdetect/build_win/CMakeFiles/CMakeTmp

Run Build Command:"/usr/bin/make" "cmTC_0c58b/fast"
/usr/bin/make -f CMakeFiles/cmTC_0c58b.dir/build.make CMakeFiles/cmTC_0c58b.dir/build
make[1]: Entering directory '/mnt/datos/orco/orpocopo2/trackerdetect/build_win/CMakeFiles/CMakeTmp'
Building C object CMakeFiles/cmTC_0c58b.dir/CMakeCCompilerABI.c.obj
/usr/bin/x86_64-w64-mingw32-gcc  @CMakeFiles/cmTC_0c58b.dir/includes_C.rsp  -o CMakeFiles/cmTC_0c58b.dir/CMakeCCompilerABI.c.obj   -c /usr/share/cmake-3.9/Modules/CMakeCCompilerABI.c
Linking C executable cmTC_0c58b.exe
/usr/bin/cmake -E cmake_link_script CMakeFiles/cmTC_0c58b.dir/link.txt --verbose=1
/usr/bin/cmake -E remove -f CMakeFiles/cmTC_0c58b.dir/objects.a
/usr/bin/x86_64-w64-mingw32-ar cr CMakeFiles/cmTC_0c58b.dir/objects.a @CMakeFiles/cmTC_0c58b.dir/objects1.rsp
/usr/bin/x86_64-w64-mingw32-gcc     -v -Wl,--whole-archive CMakeFiles/cmTC_0c58b.dir/objects.a -Wl,--no-whole-archive  -o cmTC_0c58b.exe -Wl,--out-implib,libcmTC_0c58b.dll.a -Wl,--major-image-version,0,--minor-image-version,0 
Using built-in specs.
COLLECT_GCC=/usr/bin/x86_64-w64-mingw32-gcc
COLLECT_LTO_WRAPPER=/usr/lib/gcc/x86_64-w64-mingw32/7.2.0/lto-wrapper
Target: x86_64-w64-mingw32
Configured with: /build/mingw-w64-gcc/src/gcc/configure --prefix=/usr --libexecdir=/usr/lib --target=x86_64-w64-mingw32 --enable-languages=c,lto,c++,objc,obj-c++,fortran,ada --enable-shared --enable-static --enable-threads=posix --enable-fully-dynamic-string --enable-libstdcxx-time=yes --with-system-zlib --enable-cloog-backend=isl --enable-lto --disable-dw2-exceptions --enable-libgomp --disable-multilib --enable-checking=release
Thread model: posix
gcc version 7.2.0 (GCC) 
COMPILER_PATH=/usr/lib/gcc/x86_64-w64-mingw32/7.2.0/:/usr/lib/gcc/x86_64-w64-mingw32/7.2.0/:/usr/lib/gcc/x86_64-w64-mingw32/:/usr/lib/gcc/x86_64-w64-mingw32/7.2.0/:/usr/lib/gcc/x86_64-w64-mingw32/:/usr/lib/gcc/x86_64-w64-mingw32/7.2.0/../../../../x86_64-w64-mingw32/bin/
LIBRARY_PATH=/usr/lib/gcc/x86_64-w64-mingw32/7.2.0/:/usr/lib/gcc/x86_64-w64-mingw32/7.2.0/../../../../x86_64-w64-mingw32/lib/../lib/:/usr/lib/gcc/x86_64-w64-mingw32/7.2.0/../../../../x86_64-w64-mingw32/lib/
COLLECT_GCC_OPTIONS='-v' '-o' 'cmTC_0c58b.exe' '-mtune=generic' '-march=x86-64'
 /usr/lib/gcc/x86_64-w64-mingw32/7.2.0/collect2 -plugin /usr/lib/gcc/x86_64-w64-mingw32/7.2.0/liblto_plugin.so -plugin-opt=/usr/lib/gcc/x86_64-w64-mingw32/7.2.0/lto-wrapper -plugin-opt=-fresolution=/tmp/cc73icIh.res -plugin-opt=-pass-through=-lmingw32 -plugin-opt=-pass-through=-lgcc -plugin-opt=-pass-through=-lgcc_eh -plugin-opt=-pass-through=-lmoldname -plugin-opt=-pass-through=-lmingwex -plugin-opt=-pass-through=-lmsvcrt -plugin-opt=-pass-through=-lpthread -plugin-opt=-pass-through=-ladvapi32 -plugin-opt=-pass-through=-lshell32 -plugin-opt=-pass-through=-luser32 -plugin-opt=-pass-through=-lkernel32 -plugin-opt=-pass-through=-lmingw32 -plugin-opt=-pass-through=-lgcc -plugin-opt=-pass-through=-lgcc_eh -plugin-opt=-pass-through=-lmoldname -plugin-opt=-pass-through=-lmingwex -plugin-opt=-pass-through=-lmsvcrt -m i386pep -Bdynamic -o cmTC_0c58b.exe /usr/lib/gcc/x86_64-w64-mingw32/7.2.0/../../../../x86_64-w64-mingw32/lib/../lib/crt2.o /usr/lib/gcc/x86_64-w64-mingw32/7.2.0/crtbegin.o -L/usr/lib/gcc/x86_64-w64-mingw32/7.2.0 -L/usr/lib/gcc/x86_64-w64-mingw32/7.2.0/../../../../x86_64-w64-mingw32/lib/../lib -L/usr/lib/gcc/x86_64-w64-mingw32/7.2.0/../../../../x86_64-w64-mingw32/lib --whole-archive CMakeFiles/cmTC_0c58b.dir/objects.a --no-whole-archive --out-implib libcmTC_0c58b.dll.a --major-image-version 0 --minor-image-version 0 -lmingw32 -lgcc -lgcc_eh -lmoldname -lmingwex -lmsvcrt -lpthread -ladvapi32 -lshell32 -luser32 -lkernel32 -lmingw32 -lgcc -lgcc_eh -lmoldname -lmingwex -lmsvcrt /usr/lib/gcc/x86_64-w64-mingw32/7.2.0/crtend.o
COLLECT_GCC_OPTIONS='-v' '-o' 'cmTC_0c58b.exe' '-mtune=generic' '-march=x86-64'
make[1]: Leaving directory '/mnt/datos/orco/orpocopo2/trackerdetect/build_win/CMakeFiles/CMakeTmp'


Parsed C implicit link information from above output:
  link line regex: [^( *|.*[/\])(x86_64-w64-mingw32-ld|CMAKE_LINK_STARTFILE-NOTFOUND|([^/\]+-)?ld|collect2)[^/\]*( |$)]
  ignore line: [Change Dir: /mnt/datos/orco/orpocopo2/trackerdetect/build_win/CMakeFiles/CMakeTmp]
  ignore line: []
  ignore line: [Run Build Command:"/usr/bin/make" "cmTC_0c58b/fast"]
  ignore line: [/usr/bin/make -f CMakeFiles/cmTC_0c58b.dir/build.make CMakeFiles/cmTC_0c58b.dir/build]
  ignore line: [make[1]: Entering directory '/mnt/datos/orco/orpocopo2/trackerdetect/build_win/CMakeFiles/CMakeTmp']
  ignore line: [Building C object CMakeFiles/cmTC_0c58b.dir/CMakeCCompilerABI.c.obj]
  ignore line: [/usr/bin/x86_64-w64-mingw32-gcc  @CMakeFiles/cmTC_0c58b.dir/includes_C.rsp  -o CMakeFiles/cmTC_0c58b.dir/CMakeCCompilerABI.c.obj   -c /usr/share/cmake-3.9/Modules/CMakeCCompilerABI.c]
  ignore line: [Linking C executable cmTC_0c58b.exe]
  ignore line: [/usr/bin/cmake -E cmake_link_script CMakeFiles/cmTC_0c58b.dir/link.txt --verbose=1]
  ignore line: [/usr/bin/cmake -E remove -f CMakeFiles/cmTC_0c58b.dir/objects.a]
  ignore line: [/usr/bin/x86_64-w64-mingw32-ar cr CMakeFiles/cmTC_0c58b.dir/objects.a @CMakeFiles/cmTC_0c58b.dir/objects1.rsp]
  ignore line: [/usr/bin/x86_64-w64-mingw32-gcc     -v -Wl,--whole-archive CMakeFiles/cmTC_0c58b.dir/objects.a -Wl,--no-whole-archive  -o cmTC_0c58b.exe -Wl,--out-implib,libcmTC_0c58b.dll.a -Wl,--major-image-version,0,--minor-image-version,0 ]
  ignore line: [Using built-in specs.]
  ignore line: [COLLECT_GCC=/usr/bin/x86_64-w64-mingw32-gcc]
  ignore line: [COLLECT_LTO_WRAPPER=/usr/lib/gcc/x86_64-w64-mingw32/7.2.0/lto-wrapper]
  ignore line: [Target: x86_64-w64-mingw32]
  ignore line: [Configured with: /build/mingw-w64-gcc/src/gcc/configure --prefix=/usr --libexecdir=/usr/lib --target=x86_64-w64-mingw32 --enable-languages=c,lto,c++,objc,obj-c++,fortran,ada --enable-shared --enable-static --enable-threads=posix --enable-fully-dynamic-string --enable-libstdcxx-time=yes --with-system-zlib --enable-cloog-backend=isl --enable-lto --disable-dw2-exceptions --enable-libgomp --disable-multilib --enable-checking=release]
  ignore line: [Thread model: posix]
  ignore line: [gcc version 7.2.0 (GCC) ]
  ignore line: [COMPILER_PATH=/usr/lib/gcc/x86_64-w64-mingw32/7.2.0/:/usr/lib/gcc/x86_64-w64-mingw32/7.2.0/:/usr/lib/gcc/x86_64-w64-mingw32/:/usr/lib/gcc/x86_64-w64-mingw32/7.2.0/:/usr/lib/gcc/x86_64-w64-mingw32/:/usr/lib/gcc/x86_64-w64-mingw32/7.2.0/../../../../x86_64-w64-mingw32/bin/]
  ignore line: [LIBRARY_PATH=/usr/lib/gcc/x86_64-w64-mingw32/7.2.0/:/usr/lib/gcc/x86_64-w64-mingw32/7.2.0/../../../../x86_64-w64-mingw32/lib/../lib/:/usr/lib/gcc/x86_64-w64-mingw32/7.2.0/../../../../x86_64-w64-mingw32/lib/]
  ignore line: [COLLECT_GCC_OPTIONS='-v' '-o' 'cmTC_0c58b.exe' '-mtune=generic' '-march=x86-64']
  link line: [ /usr/lib/gcc/x86_64-w64-mingw32/7.2.0/collect2 -plugin /usr/lib/gcc/x86_64-w64-mingw32/7.2.0/liblto_plugin.so -plugin-opt=/usr/lib/gcc/x86_64-w64-mingw32/7.2.0/lto-wrapper -plugin-opt=-fresolution=/tmp/cc73icIh.res -plugin-opt=-pass-through=-lmingw32 -plugin-opt=-pass-through=-lgcc -plugin-opt=-pass-through=-lgcc_eh -plugin-opt=-pass-through=-lmoldname -plugin-opt=-pass-through=-lmingwex -plugin-opt=-pass-through=-lmsvcrt -plugin-opt=-pass-through=-lpthread -plugin-opt=-pass-through=-ladvapi32 -plugin-opt=-pass-through=-lshell32 -plugin-opt=-pass-through=-luser32 -plugin-opt=-pass-through=-lkernel32 -plugin-opt=-pass-through=-lmingw32 -plugin-opt=-pass-through=-lgcc -plugin-opt=-pass-through=-lgcc_eh -plugin-opt=-pass-through=-lmoldname -plugin-opt=-pass-through=-lmingwex -plugin-opt=-pass-through=-lmsvcrt -m i386pep -Bdynamic -o cmTC_0c58b.exe /usr/lib/gcc/x86_64-w64-mingw32/7.2.0/../../../../x86_64-w64-mingw32/lib/../lib/crt2.o /usr/lib/gcc/x86_64-w64-mingw32/7.2.0/crtbegin.o -L/usr/lib/gcc/x86_64-w64-mingw32/7.2.0 -L/usr/lib/gcc/x86_64-w64-mingw32/7.2.0/../../../../x86_64-w64-mingw32/lib/../lib -L/usr/lib/gcc/x86_64-w64-mingw32/7.2.0/../../../../x86_64-w64-mingw32/lib --whole-archive CMakeFiles/cmTC_0c58b.dir/objects.a --no-whole-archive --out-implib libcmTC_0c58b.dll.a --major-image-version 0 --minor-image-version 0 -lmingw32 -lgcc -lgcc_eh -lmoldname -lmingwex -lmsvcrt -lpthread -ladvapi32 -lshell32 -luser32 -lkernel32 -lmingw32 -lgcc -lgcc_eh -lmoldname -lmingwex -lmsvcrt /usr/lib/gcc/x86_64-w64-mingw32/7.2.0/crtend.o]
    arg [/usr/lib/gcc/x86_64-w64-mingw32/7.2.0/collect2] ==> ignore
    arg [-plugin] ==> ignore
    arg [/usr/lib/gcc/x86_64-w64-mingw32/7.2.0/liblto_plugin.so] ==> ignore
    arg [-plugin-opt=/usr/lib/gcc/x86_64-w64-mingw32/7.2.0/lto-wrapper] ==> ignore
    arg [-plugin-opt=-fresolution=/tmp/cc73icIh.res] ==> ignore
    arg [-plugin-opt=-pass-through=-lmingw32] ==> ignore
    arg [-plugin-opt=-pass-through=-lgcc] ==> ignore
    arg [-plugin-opt=-pass-through=-lgcc_eh] ==> ignore
    arg [-plugin-opt=-pass-through=-lmoldname] ==> ignore
    arg [-plugin-opt=-pass-through=-lmingwex] ==> ignore
    arg [-plugin-opt=-pass-through=-lmsvcrt] ==> ignore
    arg [-plugin-opt=-pass-through=-lpthread] ==> ignore
    arg [-plugin-opt=-pass-through=-ladvapi32] ==> ignore
    arg [-plugin-opt=-pass-through=-lshell32] ==> ignore
    arg [-plugin-opt=-pass-through=-luser32] ==> ignore
    arg [-plugin-opt=-pass-through=-lkernel32] ==> ignore
    arg [-plugin-opt=-pass-through=-lmingw32] ==> ignore
    arg [-plugin-opt=-pass-through=-lgcc] ==> ignore
    arg [-plugin-opt=-pass-through=-lgcc_eh] ==> ignore
    arg [-plugin-opt=-pass-through=-lmoldname] ==> ignore
    arg [-plugin-opt=-pass-through=-lmingwex] ==> ignore
    arg [-plugin-opt=-pass-through=-lmsvcrt] ==> ignore
    arg [-m] ==> ignore
    arg [i386pep] ==> ignore
    arg [-Bdynamic] ==> ignore
    arg [-o] ==> ignore
    arg [cmTC_0c58b.exe] ==> ignore
    arg [/usr/lib/gcc/x86_64-w64-mingw32/7.2.0/../../../../x86_64-w64-mingw32/lib/../lib/crt2.o] ==> ignore
    arg [/usr/lib/gcc/x86_64-w64-mingw32/7.2.0/crtbegin.o] ==> ignore
    arg [-L/usr/lib/gcc/x86_64-w64-mingw32/7.2.0] ==> dir [/usr/lib/gcc/x86_64-w64-mingw32/7.2.0]
    arg [-L/usr/lib/gcc/x86_64-w64-mingw32/7.2.0/../../../../x86_64-w64-mingw32/lib/../lib] ==> dir [/usr/lib/gcc/x86_64-w64-mingw32/7.2.0/../../../../x86_64-w64-mingw32/lib/../lib]
    arg [-L/usr/lib/gcc/x86_64-w64-mingw32/7.2.0/../../../../x86_64-w64-mingw32/lib] ==> dir [/usr/lib/gcc/x86_64-w64-mingw32/7.2.0/../../../../x86_64-w64-mingw32/lib]
    arg [--whole-archive] ==> ignore
    arg [CMakeFiles/cmTC_0c58b.dir/objects.a] ==> ignore
    arg [--no-whole-archive] ==> ignore
    arg [--out-implib] ==> ignore
    arg [libcmTC_0c58b.dll.a] ==> ignore
    arg [--major-image-version] ==> ignore
    arg [0] ==> ignore
    arg [--minor-image-version] ==> ignore
    arg [0] ==> ignore
    arg [-lmingw32] ==> lib [mingw32]
    arg [-lgcc] ==> lib [gcc]
    arg [-lgcc_eh] ==> lib [gcc_eh]
    arg [-lmoldname] ==> lib [moldname]
    arg [-lmingwex] ==> lib [mingwex]
    arg [-lmsvcrt] ==> lib [msvcrt]
    arg [-lpthread] ==> lib [pthread]
    arg [-ladvapi32] ==> lib [advapi32]
    arg [-lshell32] ==> lib [shell32]
    arg [-luser32] ==> lib [user32]
    arg [-lkernel32] ==> lib [kernel32]
    arg [-lmingw32] ==> lib [mingw32]
    arg [-lgcc] ==> lib [gcc]
    arg [-lgcc_eh] ==> lib [gcc_eh]
    arg [-lmoldname] ==> lib [moldname]
    arg [-lmingwex] ==> lib [mingwex]
    arg [-lmsvcrt] ==> lib [msvcrt]
    arg [/usr/lib/gcc/x86_64-w64-mingw32/7.2.0/crtend.o] ==> ignore
  remove lib [msvcrt]
  remove lib [msvcrt]
  collapse library dir [/usr/lib/gcc/x86_64-w64-mingw32/7.2.0] ==> [/usr/lib/gcc/x86_64-w64-mingw32/7.2.0]
  collapse library dir [/usr/lib/gcc/x86_64-w64-mingw32/7.2.0/../../../../x86_64-w64-mingw32/lib/../lib] ==> [/usr/x86_64-w64-mingw32/lib]
  collapse library dir [/usr/lib/gcc/x86_64-w64-mingw32/7.2.0/../../../../x86_64-w64-mingw32/lib] ==> [/usr/x86_64-w64-mingw32/lib]
  implicit libs: [mingw32;gcc;gcc_eh;moldname;mingwex;pthread;advapi32;shell32;user32;kernel32;mingw32;gcc;gcc_eh;moldname;mingwex]
  implicit dirs: [/usr/lib/gcc/x86_64-w64-mingw32/7.2.0;/usr/x86_64-w64-mingw32/lib]
  implicit fwks: []




Detecting C [-std=c11] compiler features compiled with the following output:
Change Dir: /mnt/datos/orco/orpocopo2/trackerdetect/build_win/CMakeFiles/CMakeTmp

Run Build Command:"/usr/bin/make" "cmTC_17591/fast"
/usr/bin/make -f CMakeFiles/cmTC_17591.dir/build.make CMakeFiles/cmTC_17591.dir/build
make[1]: Entering directory '/mnt/datos/orco/orpocopo2/trackerdetect/build_win/CMakeFiles/CMakeTmp'
Building C object CMakeFiles/cmTC_17591.dir/feature_tests.c.obj
/usr/bin/x86_64-w64-mingw32-gcc  @CMakeFiles/cmTC_17591.dir/includes_C.rsp -std=c11 -o CMakeFiles/cmTC_17591.dir/feature_tests.c.obj   -c /mnt/datos/orco/orpocopo2/trackerdetect/build_win/CMakeFiles/feature_tests.c
Linking C executable cmTC_17591.exe
/usr/bin/cmake -E cmake_link_script CMakeFiles/cmTC_17591.dir/link.txt --verbose=1
/usr/bin/cmake -E remove -f CMakeFiles/cmTC_17591.dir/objects.a
/usr/bin/x86_64-w64-mingw32-ar cr CMakeFiles/cmTC_17591.dir/objects.a @CMakeFiles/cmTC_17591.dir/objects1.rsp
/usr/bin/x86_64-w64-mingw32-gcc      -Wl,--whole-archive CMakeFiles/cmTC_17591.dir/objects.a -Wl,--no-whole-archive  -o cmTC_17591.exe -Wl,--out-implib,libcmTC_17591.dll.a -Wl,--major-image-version,0,--minor-image-version,0 @CMakeFiles/cmTC_17591.dir/linklibs.rsp
make[1]: Leaving directory '/mnt/datos/orco/orpocopo2/trackerdetect/build_win/CMakeFiles/CMakeTmp'


    Feature record: C_FEATURE:1c_function_prototypes
    Feature record: C_FEATURE:1c_restrict
    Feature record: C_FEATURE:1c_static_assert
    Feature record: C_FEATURE:1c_variadic_macros


Detecting C [-std=c99] compiler features compiled with the following output:
Change Dir: /mnt/datos/orco/orpocopo2/trackerdetect/build_win/CMakeFiles/CMakeTmp

Run Build Command:"/usr/bin/make" "cmTC_3c65e/fast"
/usr/bin/make -f CMakeFiles/cmTC_3c65e.dir/build.make CMakeFiles/cmTC_3c65e.dir/build
make[1]: Entering directory '/mnt/datos/orco/orpocopo2/trackerdetect/build_win/CMakeFiles/CMakeTmp'
Building C object CMakeFiles/cmTC_3c65e.dir/feature_tests.c.obj
/usr/bin/x86_64-w64-mingw32-gcc  @CMakeFiles/cmTC_3c65e.dir/includes_C.rsp -std=c99 -o CMakeFiles/cmTC_3c65e.dir/feature_tests.c.obj   -c /mnt/datos/orco/orpocopo2/trackerdetect/build_win/CMakeFiles/feature_tests.c
Linking C executable cmTC_3c65e.exe
/usr/bin/cmake -E cmake_link_script CMakeFiles/cmTC_3c65e.dir/link.txt --verbose=1
/usr/bin/cmake -E remove -f CMakeFiles/cmTC_3c65e.dir/objects.a
/usr/bin/x86_64-w64-mingw32-ar cr CMakeFiles/cmTC_3c65e.dir/objects.a @CMakeFiles/cmTC_3c65e.dir/objects1.rsp
/usr/bin/x86_64-w64-mingw32-gcc      -Wl,--whole-archive CMakeFiles/cmTC_3c65e.dir/objects.a -Wl,--no-whole-archive  -o cmTC_3c65e.exe -Wl,--out-implib,libcmTC_3c65e.dll.a -Wl,--major-image-version,0,--minor-image-version,0 @CMakeFiles/cmTC_3c65e.dir/linklibs.rsp
make[1]: Leaving directory '/mnt/datos/orco/orpocopo2/trackerdetect/build_win/CMakeFiles/CMakeTmp'


    Feature record: C_FEATURE:1c_function_prototypes
    Feature record: C_FEATURE:1c_restrict
    Feature record: C_FEATURE:0c_static_assert
    Feature record: C_FEATURE:1c_variadic_macros


Detecting C [-std=c90] compiler features compiled with the following output:
Change Dir: /mnt/datos/orco/orpocopo2/trackerdetect/build_win/CMakeFiles/CMakeTmp

Run Build Command:"/usr/bin/make" "cmTC_89b28/fast"
/usr/bin/make -f CMakeFiles/cmTC_89b28.dir/build.make CMakeFiles/cmTC_89b28.dir/build
make[1]: Entering directory '/mnt/datos/orco/orpocopo2/trackerdetect/build_win/CMakeFiles/CMakeTmp'
Building C object CMakeFiles/cmTC_89b28.dir/feature_tests.c.obj
/usr/bin/x86_64-w64-mingw32-gcc  @CMakeFiles/cmTC_89b28.dir/includes_C.rsp -std=c90 -o CMakeFiles/cmTC_89b28.dir/feature_tests.c.obj   -c /mnt/datos/orco/orpocopo2/trackerdetect/build_win/CMakeFiles/feature_tests.c
Linking C executable cmTC_89b28.exe
/usr/bin/cmake -E cmake_link_script CMakeFiles/cmTC_89b28.dir/link.txt --verbose=1
/usr/bin/cmake -E remove -f CMakeFiles/cmTC_89b28.dir/objects.a
/usr/bin/x86_64-w64-mingw32-ar cr CMakeFiles/cmTC_89b28.dir/objects.a @CMakeFiles/cmTC_89b28.dir/objects1.rsp
/usr/bin/x86_64-w64-mingw32-gcc      -Wl,--whole-archive CMakeFiles/cmTC_89b28.dir/objects.a -Wl,--no-whole-archive  -o cmTC_89b28.exe -Wl,--out-implib,libcmTC_89b28.dll.a -Wl,--major-image-version,0,--minor-image-version,0 @CMakeFiles/cmTC_89b28.dir/linklibs.rsp
make[1]: Leaving directory '/mnt/datos/orco/orpocopo2/trackerdetect/build_win/CMakeFiles/CMakeTmp'


    Feature record: C_FEATURE:1c_function_prototypes
    Feature record: C_FEATURE:0c_restrict
    Feature record: C_FEATURE:0c_static_assert
    Feature record: C_FEATURE:0c_variadic_macros
Determining if the CXX compiler works passed with the following output:
Change Dir: /mnt/datos/orco/orpocopo2/trackerdetect/build_win/CMakeFiles/CMakeTmp

Run Build Command:"/usr/bin/make" "cmTC_3954f/fast"
/usr/bin/make -f CMakeFiles/cmTC_3954f.dir/build.make CMakeFiles/cmTC_3954f.dir/build
make[1]: Entering directory '/mnt/datos/orco/orpocopo2/trackerdetect/build_win/CMakeFiles/CMakeTmp'
Building CXX object CMakeFiles/cmTC_3954f.dir/testCXXCompiler.cxx.obj
/usr/bin/x86_64-w64-mingw32-g++   @CMakeFiles/cmTC_3954f.dir/includes_CXX.rsp  -o CMakeFiles/cmTC_3954f.dir/testCXXCompiler.cxx.obj -c /mnt/datos/orco/orpocopo2/trackerdetect/build_win/CMakeFiles/CMakeTmp/testCXXCompiler.cxx
Linking CXX executable cmTC_3954f.exe
/usr/bin/cmake -E cmake_link_script CMakeFiles/cmTC_3954f.dir/link.txt --verbose=1
/usr/bin/cmake -E remove -f CMakeFiles/cmTC_3954f.dir/objects.a
/usr/bin/x86_64-w64-mingw32-ar cr CMakeFiles/cmTC_3954f.dir/objects.a @CMakeFiles/cmTC_3954f.dir/objects1.rsp
/usr/bin/x86_64-w64-mingw32-g++      -Wl,--whole-archive CMakeFiles/cmTC_3954f.dir/objects.a -Wl,--no-whole-archive  -o cmTC_3954f.exe -Wl,--out-implib,libcmTC_3954f.dll.a -Wl,--major-image-version,0,--minor-image-version,0 @CMakeFiles/cmTC_3954f.dir/linklibs.rsp
make[1]: Leaving directory '/mnt/datos/orco/orpocopo2/trackerdetect/build_win/CMakeFiles/CMakeTmp'


Detecting CXX compiler ABI info compiled with the following output:
Change Dir: /mnt/datos/orco/orpocopo2/trackerdetect/build_win/CMakeFiles/CMakeTmp

Run Build Command:"/usr/bin/make" "cmTC_b9a6c/fast"
/usr/bin/make -f CMakeFiles/cmTC_b9a6c.dir/build.make CMakeFiles/cmTC_b9a6c.dir/build
make[1]: Entering directory '/mnt/datos/orco/orpocopo2/trackerdetect/build_win/CMakeFiles/CMakeTmp'
Building CXX object CMakeFiles/cmTC_b9a6c.dir/CMakeCXXCompilerABI.cpp.obj
/usr/bin/x86_64-w64-mingw32-g++   @CMakeFiles/cmTC_b9a6c.dir/includes_CXX.rsp  -o CMakeFiles/cmTC_b9a6c.dir/CMakeCXXCompilerABI.cpp.obj -c /usr/share/cmake-3.9/Modules/CMakeCXXCompilerABI.cpp
Linking CXX executable cmTC_b9a6c.exe
/usr/bin/cmake -E cmake_link_script CMakeFiles/cmTC_b9a6c.dir/link.txt --verbose=1
/usr/bin/cmake -E remove -f CMakeFiles/cmTC_b9a6c.dir/objects.a
/usr/bin/x86_64-w64-mingw32-ar cr CMakeFiles/cmTC_b9a6c.dir/objects.a @CMakeFiles/cmTC_b9a6c.dir/objects1.rsp
/usr/bin/x86_64-w64-mingw32-g++     -v -Wl,--whole-archive CMakeFiles/cmTC_b9a6c.dir/objects.a -Wl,--no-whole-archive  -o cmTC_b9a6c.exe -Wl,--out-implib,libcmTC_b9a6c.dll.a -Wl,--major-image-version,0,--minor-image-version,0 
Using built-in specs.
COLLECT_GCC=/usr/bin/x86_64-w64-mingw32-g++
COLLECT_LTO_WRAPPER=/usr/lib/gcc/x86_64-w64-mingw32/7.2.0/lto-wrapper
Target: x86_64-w64-mingw32
Configured with: /build/mingw-w64-gcc/src/gcc/configure --prefix=/usr --libexecdir=/usr/lib --target=x86_64-w64-mingw32 --enable-languages=c,lto,c++,objc,obj-c++,fortran,ada --enable-shared --enable-static --enable-threads=posix --enable-fully-dynamic-string --enable-libstdcxx-time=yes --with-system-zlib --enable-cloog-backend=isl --enable-lto --disable-dw2-exceptions --enable-libgomp --disable-multilib --enable-checking=release
Thread model: posix
gcc version 7.2.0 (GCC) 
COMPILER_PATH=/usr/lib/gcc/x86_64-w64-mingw32/7.2.0/:/usr/lib/gcc/x86_64-w64-mingw32/7.2.0/:/usr/lib/gcc/x86_64-w64-mingw32/:/usr/lib/gcc/x86_64-w64-mingw32/7.2.0/:/usr/lib/gcc/x86_64-w64-mingw32/:/usr/lib/gcc/x86_64-w64-mingw32/7.2.0/../../../../x86_64-w64-mingw32/bin/
LIBRARY_PATH=/usr/lib/gcc/x86_64-w64-mingw32/7.2.0/:/usr/lib/gcc/x86_64-w64-mingw32/7.2.0/../../../../x86_64-w64-mingw32/lib/../lib/:/usr/lib/gcc/x86_64-w64-mingw32/7.2.0/../../../../x86_64-w64-mingw32/lib/
COLLECT_GCC_OPTIONS='-v' '-o' 'cmTC_b9a6c.exe' '-shared-libgcc' '-mtune=generic' '-march=x86-64'
 /usr/lib/gcc/x86_64-w64-mingw32/7.2.0/collect2 -plugin /usr/lib/gcc/x86_64-w64-mingw32/7.2.0/liblto_plugin.so -plugin-opt=/usr/lib/gcc/x86_64-w64-mingw32/7.2.0/lto-wrapper -plugin-opt=-fresolution=/tmp/ccocS4vs.res -plugin-opt=-pass-through=-lmingw32 -plugin-opt=-pass-through=-lgcc_s -plugin-opt=-pass-through=-lgcc -plugin-opt=-pass-through=-lmoldname -plugin-opt=-pass-through=-lmingwex -plugin-opt=-pass-through=-lmsvcrt -plugin-opt=-pass-through=-lpthread -plugin-opt=-pass-through=-ladvapi32 -plugin-opt=-pass-through=-lshell32 -plugin-opt=-pass-through=-luser32 -plugin-opt=-pass-through=-lkernel32 -plugin-opt=-pass-through=-lmingw32 -plugin-opt=-pass-through=-lgcc_s -plugin-opt=-pass-through=-lgcc -plugin-opt=-pass-through=-lmoldname -plugin-opt=-pass-through=-lmingwex -plugin-opt=-pass-through=-lmsvcrt -m i386pep -Bdynamic -o cmTC_b9a6c.exe /usr/lib/gcc/x86_64-w64-mingw32/7.2.0/../../../../x86_64-w64-mingw32/lib/../lib/crt2.o /usr/lib/gcc/x86_64-w64-mingw32/7.2.0/crtbegin.o -L/usr/lib/gcc/x86_64-w64-mingw32/7.2.0 -L/usr/lib/gcc/x86_64-w64-mingw32/7.2.0/../../../../x86_64-w64-mingw32/lib/../lib -L/usr/lib/gcc/x86_64-w64-mingw32/7.2.0/../../../../x86_64-w64-mingw32/lib --whole-archive CMakeFiles/cmTC_b9a6c.dir/objects.a --no-whole-archive --out-implib libcmTC_b9a6c.dll.a --major-image-version 0 --minor-image-version 0 -lstdc++ -lmingw32 -lgcc_s -lgcc -lmoldname -lmingwex -lmsvcrt -lpthread -ladvapi32 -lshell32 -luser32 -lkernel32 -lmingw32 -lgcc_s -lgcc -lmoldname -lmingwex -lmsvcrt /usr/lib/gcc/x86_64-w64-mingw32/7.2.0/crtend.o
COLLECT_GCC_OPTIONS='-v' '-o' 'cmTC_b9a6c.exe' '-shared-libgcc' '-mtune=generic' '-march=x86-64'
make[1]: Leaving directory '/mnt/datos/orco/orpocopo2/trackerdetect/build_win/CMakeFiles/CMakeTmp'


Parsed CXX implicit link information from above output:
  link line regex: [^( *|.*[/\])(x86_64-w64-mingw32-ld|CMAKE_LINK_STARTFILE-NOTFOUND|([^/\]+-)?ld|collect2)[^/\]*( |$)]
  ignore line: [Change Dir: /mnt/datos/orco/orpocopo2/trackerdetect/build_win/CMakeFiles/CMakeTmp]
  ignore line: []
  ignore line: [Run Build Command:"/usr/bin/make" "cmTC_b9a6c/fast"]
  ignore line: [/usr/bin/make -f CMakeFiles/cmTC_b9a6c.dir/build.make CMakeFiles/cmTC_b9a6c.dir/build]
  ignore line: [make[1]: Entering directory '/mnt/datos/orco/orpocopo2/trackerdetect/build_win/CMakeFiles/CMakeTmp']
  ignore line: [Building CXX object CMakeFiles/cmTC_b9a6c.dir/CMakeCXXCompilerABI.cpp.obj]
  ignore line: [/usr/bin/x86_64-w64-mingw32-g++   @CMakeFiles/cmTC_b9a6c.dir/includes_CXX.rsp  -o CMakeFiles/cmTC_b9a6c.dir/CMakeCXXCompilerABI.cpp.obj -c /usr/share/cmake-3.9/Modules/CMakeCXXCompilerABI.cpp]
  ignore line: [Linking CXX executable cmTC_b9a6c.exe]
  ignore line: [/usr/bin/cmake -E cmake_link_script CMakeFiles/cmTC_b9a6c.dir/link.txt --verbose=1]
  ignore line: [/usr/bin/cmake -E remove -f CMakeFiles/cmTC_b9a6c.dir/objects.a]
  ignore line: [/usr/bin/x86_64-w64-mingw32-ar cr CMakeFiles/cmTC_b9a6c.dir/objects.a @CMakeFiles/cmTC_b9a6c.dir/objects1.rsp]
  ignore line: [/usr/bin/x86_64-w64-mingw32-g++     -v -Wl,--whole-archive CMakeFiles/cmTC_b9a6c.dir/objects.a -Wl,--no-whole-archive  -o cmTC_b9a6c.exe -Wl,--out-implib,libcmTC_b9a6c.dll.a -Wl,--major-image-version,0,--minor-image-version,0 ]
  ignore line: [Using built-in specs.]
  ignore line: [COLLECT_GCC=/usr/bin/x86_64-w64-mingw32-g++]
  ignore line: [COLLECT_LTO_WRAPPER=/usr/lib/gcc/x86_64-w64-mingw32/7.2.0/lto-wrapper]
  ignore line: [Target: x86_64-w64-mingw32]
  ignore line: [Configured with: /build/mingw-w64-gcc/src/gcc/configure --prefix=/usr --libexecdir=/usr/lib --target=x86_64-w64-mingw32 --enable-languages=c,lto,c++,objc,obj-c++,fortran,ada --enable-shared --enable-static --enable-threads=posix --enable-fully-dynamic-string --enable-libstdcxx-time=yes --with-system-zlib --enable-cloog-backend=isl --enable-lto --disable-dw2-exceptions --enable-libgomp --disable-multilib --enable-checking=release]
  ignore line: [Thread model: posix]
  ignore line: [gcc version 7.2.0 (GCC) ]
  ignore line: [COMPILER_PATH=/usr/lib/gcc/x86_64-w64-mingw32/7.2.0/:/usr/lib/gcc/x86_64-w64-mingw32/7.2.0/:/usr/lib/gcc/x86_64-w64-mingw32/:/usr/lib/gcc/x86_64-w64-mingw32/7.2.0/:/usr/lib/gcc/x86_64-w64-mingw32/:/usr/lib/gcc/x86_64-w64-mingw32/7.2.0/../../../../x86_64-w64-mingw32/bin/]
  ignore line: [LIBRARY_PATH=/usr/lib/gcc/x86_64-w64-mingw32/7.2.0/:/usr/lib/gcc/x86_64-w64-mingw32/7.2.0/../../../../x86_64-w64-mingw32/lib/../lib/:/usr/lib/gcc/x86_64-w64-mingw32/7.2.0/../../../../x86_64-w64-mingw32/lib/]
  ignore line: [COLLECT_GCC_OPTIONS='-v' '-o' 'cmTC_b9a6c.exe' '-shared-libgcc' '-mtune=generic' '-march=x86-64']
  link line: [ /usr/lib/gcc/x86_64-w64-mingw32/7.2.0/collect2 -plugin /usr/lib/gcc/x86_64-w64-mingw32/7.2.0/liblto_plugin.so -plugin-opt=/usr/lib/gcc/x86_64-w64-mingw32/7.2.0/lto-wrapper -plugin-opt=-fresolution=/tmp/ccocS4vs.res -plugin-opt=-pass-through=-lmingw32 -plugin-opt=-pass-through=-lgcc_s -plugin-opt=-pass-through=-lgcc -plugin-opt=-pass-through=-lmoldname -plugin-opt=-pass-through=-lmingwex -plugin-opt=-pass-through=-lmsvcrt -plugin-opt=-pass-through=-lpthread -plugin-opt=-pass-through=-ladvapi32 -plugin-opt=-pass-through=-lshell32 -plugin-opt=-pass-through=-luser32 -plugin-opt=-pass-through=-lkernel32 -plugin-opt=-pass-through=-lmingw32 -plugin-opt=-pass-through=-lgcc_s -plugin-opt=-pass-through=-lgcc -plugin-opt=-pass-through=-lmoldname -plugin-opt=-pass-through=-lmingwex -plugin-opt=-pass-through=-lmsvcrt -m i386pep -Bdynamic -o cmTC_b9a6c.exe /usr/lib/gcc/x86_64-w64-mingw32/7.2.0/../../../../x86_64-w64-mingw32/lib/../lib/crt2.o /usr/lib/gcc/x86_64-w64-mingw32/7.2.0/crtbegin.o -L/usr/lib/gcc/x86_64-w64-mingw32/7.2.0 -L/usr/lib/gcc/x86_64-w64-mingw32/7.2.0/../../../../x86_64-w64-mingw32/lib/../lib -L/usr/lib/gcc/x86_64-w64-mingw32/7.2.0/../../../../x86_64-w64-mingw32/lib --whole-archive CMakeFiles/cmTC_b9a6c.dir/objects.a --no-whole-archive --out-implib libcmTC_b9a6c.dll.a --major-image-version 0 --minor-image-version 0 -lstdc++ -lmingw32 -lgcc_s -lgcc -lmoldname -lmingwex -lmsvcrt -lpthread -ladvapi32 -lshell32 -luser32 -lkernel32 -lmingw32 -lgcc_s -lgcc -lmoldname -lmingwex -lmsvcrt /usr/lib/gcc/x86_64-w64-mingw32/7.2.0/crtend.o]
    arg [/usr/lib/gcc/x86_64-w64-mingw32/7.2.0/collect2] ==> ignore
    arg [-plugin] ==> ignore
    arg [/usr/lib/gcc/x86_64-w64-mingw32/7.2.0/liblto_plugin.so] ==> ignore
    arg [-plugin-opt=/usr/lib/gcc/x86_64-w64-mingw32/7.2.0/lto-wrapper] ==> ignore
    arg [-plugin-opt=-fresolution=/tmp/ccocS4vs.res] ==> ignore
    arg [-plugin-opt=-pass-through=-lmingw32] ==> ignore
    arg [-plugin-opt=-pass-through=-lgcc_s] ==> ignore
    arg [-plugin-opt=-pass-through=-lgcc] ==> ignore
    arg [-plugin-opt=-pass-through=-lmoldname] ==> ignore
    arg [-plugin-opt=-pass-through=-lmingwex] ==> ignore
    arg [-plugin-opt=-pass-through=-lmsvcrt] ==> ignore
    arg [-plugin-opt=-pass-through=-lpthread] ==> ignore
    arg [-plugin-opt=-pass-through=-ladvapi32] ==> ignore
    arg [-plugin-opt=-pass-through=-lshell32] ==> ignore
    arg [-plugin-opt=-pass-through=-luser32] ==> ignore
    arg [-plugin-opt=-pass-through=-lkernel32] ==> ignore
    arg [-plugin-opt=-pass-through=-lmingw32] ==> ignore
    arg [-plugin-opt=-pass-through=-lgcc_s] ==> ignore
    arg [-plugin-opt=-pass-through=-lgcc] ==> ignore
    arg [-plugin-opt=-pass-through=-lmoldname] ==> ignore
    arg [-plugin-opt=-pass-through=-lmingwex] ==> ignore
    arg [-plugin-opt=-pass-through=-lmsvcrt] ==> ignore
    arg [-m] ==> ignore
    arg [i386pep] ==> ignore
    arg [-Bdynamic] ==> ignore
    arg [-o] ==> ignore
    arg [cmTC_b9a6c.exe] ==> ignore
    arg [/usr/lib/gcc/x86_64-w64-mingw32/7.2.0/../../../../x86_64-w64-mingw32/lib/../lib/crt2.o] ==> ignore
    arg [/usr/lib/gcc/x86_64-w64-mingw32/7.2.0/crtbegin.o] ==> ignore
    arg [-L/usr/lib/gcc/x86_64-w64-mingw32/7.2.0] ==> dir [/usr/lib/gcc/x86_64-w64-mingw32/7.2.0]
    arg [-L/usr/lib/gcc/x86_64-w64-mingw32/7.2.0/../../../../x86_64-w64-mingw32/lib/../lib] ==> dir [/usr/lib/gcc/x86_64-w64-mingw32/7.2.0/../../../../x86_64-w64-mingw32/lib/../lib]
    arg [-L/usr/lib/gcc/x86_64-w64-mingw32/7.2.0/../../../../x86_64-w64-mingw32/lib] ==> dir [/usr/lib/gcc/x86_64-w64-mingw32/7.2.0/../../../../x86_64-w64-mingw32/lib]
    arg [--whole-archive] ==> ignore
    arg [CMakeFiles/cmTC_b9a6c.dir/objects.a] ==> ignore
    arg [--no-whole-archive] ==> ignore
    arg [--out-implib] ==> ignore
    arg [libcmTC_b9a6c.dll.a] ==> ignore
    arg [--major-image-version] ==> ignore
    arg [0] ==> ignore
    arg [--minor-image-version] ==> ignore
    arg [0] ==> ignore
    arg [-lstdc++] ==> lib [stdc++]
    arg [-lmingw32] ==> lib [mingw32]
    arg [-lgcc_s] ==> lib [gcc_s]
    arg [-lgcc] ==> lib [gcc]
    arg [-lmoldname] ==> lib [moldname]
    arg [-lmingwex] ==> lib [mingwex]
    arg [-lmsvcrt] ==> lib [msvcrt]
    arg [-lpthread] ==> lib [pthread]
    arg [-ladvapi32] ==> lib [advapi32]
    arg [-lshell32] ==> lib [shell32]
    arg [-luser32] ==> lib [user32]
    arg [-lkernel32] ==> lib [kernel32]
    arg [-lmingw32] ==> lib [mingw32]
    arg [-lgcc_s] ==> lib [gcc_s]
    arg [-lgcc] ==> lib [gcc]
    arg [-lmoldname] ==> lib [moldname]
    arg [-lmingwex] ==> lib [mingwex]
    arg [-lmsvcrt] ==> lib [msvcrt]
    arg [/usr/lib/gcc/x86_64-w64-mingw32/7.2.0/crtend.o] ==> ignore
  remove lib [msvcrt]
  remove lib [msvcrt]
  collapse library dir [/usr/lib/gcc/x86_64-w64-mingw32/7.2.0] ==> [/usr/lib/gcc/x86_64-w64-mingw32/7.2.0]
  collapse library dir [/usr/lib/gcc/x86_64-w64-mingw32/7.2.0/../../../../x86_64-w64-mingw32/lib/../lib] ==> [/usr/x86_64-w64-mingw32/lib]
  collapse library dir [/usr/lib/gcc/x86_64-w64-mingw32/7.2.0/../../../../x86_64-w64-mingw32/lib] ==> [/usr/x86_64-w64-mingw32/lib]
  implicit libs: [stdc++;mingw32;gcc_s;gcc;moldname;mingwex;pthread;advapi32;shell32;user32;kernel32;mingw32;gcc_s;gcc;moldname;mingwex]
  implicit dirs: [/usr/lib/gcc/x86_64-w64-mingw32/7.2.0;/usr/x86_64-w64-mingw32/lib]
  implicit fwks: []




Detecting CXX [-std=c++1z] compiler features compiled with the following output:
Change Dir: /mnt/datos/orco/orpocopo2/trackerdetect/build_win/CMakeFiles/CMakeTmp

Run Build Command:"/usr/bin/make" "cmTC_0ee53/fast"
/usr/bin/make -f CMakeFiles/cmTC_0ee53.dir/build.make CMakeFiles/cmTC_0ee53.dir/build
make[1]: Entering directory '/mnt/datos/orco/orpocopo2/trackerdetect/build_win/CMakeFiles/CMakeTmp'
Building CXX object CMakeFiles/cmTC_0ee53.dir/feature_tests.cxx.obj
/usr/bin/x86_64-w64-mingw32-g++   @CMakeFiles/cmTC_0ee53.dir/includes_CXX.rsp -std=c++1z -o CMakeFiles/cmTC_0ee53.dir/feature_tests.cxx.obj -c /mnt/datos/orco/orpocopo2/trackerdetect/build_win/CMakeFiles/feature_tests.cxx
Linking CXX executable cmTC_0ee53.exe
/usr/bin/cmake -E cmake_link_script CMakeFiles/cmTC_0ee53.dir/link.txt --verbose=1
/usr/bin/cmake -E remove -f CMakeFiles/cmTC_0ee53.dir/objects.a
/usr/bin/x86_64-w64-mingw32-ar cr CMakeFiles/cmTC_0ee53.dir/objects.a @CMakeFiles/cmTC_0ee53.dir/objects1.rsp
/usr/bin/x86_64-w64-mingw32-g++      -Wl,--whole-archive CMakeFiles/cmTC_0ee53.dir/objects.a -Wl,--no-whole-archive  -o cmTC_0ee53.exe -Wl,--out-implib,libcmTC_0ee53.dll.a -Wl,--major-image-version,0,--minor-image-version,0 @CMakeFiles/cmTC_0ee53.dir/linklibs.rsp
make[1]: Leaving directory '/mnt/datos/orco/orpocopo2/trackerdetect/build_win/CMakeFiles/CMakeTmp'


    Feature record: CXX_FEATURE:1cxx_aggregate_default_initializers
    Feature record: CXX_FEATURE:1cxx_alias_templates
    Feature record: CXX_FEATURE:1cxx_alignas
    Feature record: CXX_FEATURE:1cxx_alignof
    Feature record: CXX_FEATURE:1cxx_attributes
    Feature record: CXX_FEATURE:1cxx_attribute_deprecated
    Feature record: CXX_FEATURE:1cxx_auto_type
    Feature record: CXX_FEATURE:1cxx_binary_literals
    Feature record: CXX_FEATURE:1cxx_constexpr
    Feature record: CXX_FEATURE:1cxx_contextual_conversions
    Feature record: CXX_FEATURE:1cxx_decltype
    Feature record: CXX_FEATURE:1cxx_decltype_auto
    Feature record: CXX_FEATURE:1cxx_decltype_incomplete_return_types
    Feature record: CXX_FEATURE:1cxx_default_function_template_args
    Feature record: CXX_FEATURE:1cxx_defaulted_functions
    Feature record: CXX_FEATURE:1cxx_defaulted_move_initializers
    Feature record: CXX_FEATURE:1cxx_delegating_constructors
    Feature record: CXX_FEATURE:1cxx_deleted_functions
    Feature record: CXX_FEATURE:1cxx_digit_separators
    Feature record: CXX_FEATURE:1cxx_enum_forward_declarations
    Feature record: CXX_FEATURE:1cxx_explicit_conversions
    Feature record: CXX_FEATURE:1cxx_extended_friend_declarations
    Feature record: CXX_FEATURE:1cxx_extern_templates
    Feature record: CXX_FEATURE:1cxx_final
    Feature record: CXX_FEATURE:1cxx_func_identifier
    Feature record: CXX_FEATURE:1cxx_generalized_initializers
    Feature record: CXX_FEATURE:1cxx_generic_lambdas
    Feature record: CXX_FEATURE:1cxx_inheriting_constructors
    Feature record: CXX_FEATURE:1cxx_inline_namespaces
    Feature record: CXX_FEATURE:1cxx_lambdas
    Feature record: CXX_FEATURE:1cxx_lambda_init_captures
    Feature record: CXX_FEATURE:1cxx_local_type_template_args
    Feature record: CXX_FEATURE:1cxx_long_long_type
    Feature record: CXX_FEATURE:1cxx_noexcept
    Feature record: CXX_FEATURE:1cxx_nonstatic_member_init
    Feature record: CXX_FEATURE:1cxx_nullptr
    Feature record: CXX_FEATURE:1cxx_override
    Feature record: CXX_FEATURE:1cxx_range_for
    Feature record: CXX_FEATURE:1cxx_raw_string_literals
    Feature record: CXX_FEATURE:1cxx_reference_qualified_functions
    Feature record: CXX_FEATURE:1cxx_relaxed_constexpr
    Feature record: CXX_FEATURE:1cxx_return_type_deduction
    Feature record: CXX_FEATURE:1cxx_right_angle_brackets
    Feature record: CXX_FEATURE:1cxx_rvalue_references
    Feature record: CXX_FEATURE:1cxx_sizeof_member
    Feature record: CXX_FEATURE:1cxx_static_assert
    Feature record: CXX_FEATURE:1cxx_strong_enums
    Feature record: CXX_FEATURE:1cxx_template_template_parameters
    Feature record: CXX_FEATURE:1cxx_thread_local
    Feature record: CXX_FEATURE:1cxx_trailing_return_types
    Feature record: CXX_FEATURE:1cxx_unicode_literals
    Feature record: CXX_FEATURE:1cxx_uniform_initialization
    Feature record: CXX_FEATURE:1cxx_unrestricted_unions
    Feature record: CXX_FEATURE:1cxx_user_literals
    Feature record: CXX_FEATURE:1cxx_variable_templates
    Feature record: CXX_FEATURE:1cxx_variadic_macros
    Feature record: CXX_FEATURE:1cxx_variadic_templates


Detecting CXX [-std=c++14] compiler features compiled with the following output:
Change Dir: /mnt/datos/orco/orpocopo2/trackerdetect/build_win/CMakeFiles/CMakeTmp

Run Build Command:"/usr/bin/make" "cmTC_fb064/fast"
/usr/bin/make -f CMakeFiles/cmTC_fb064.dir/build.make CMakeFiles/cmTC_fb064.dir/build
make[1]: Entering directory '/mnt/datos/orco/orpocopo2/trackerdetect/build_win/CMakeFiles/CMakeTmp'
Building CXX object CMakeFiles/cmTC_fb064.dir/feature_tests.cxx.obj
/usr/bin/x86_64-w64-mingw32-g++   @CMakeFiles/cmTC_fb064.dir/includes_CXX.rsp -std=c++14 -o CMakeFiles/cmTC_fb064.dir/feature_tests.cxx.obj -c /mnt/datos/orco/orpocopo2/trackerdetect/build_win/CMakeFiles/feature_tests.cxx
Linking CXX executable cmTC_fb064.exe
/usr/bin/cmake -E cmake_link_script CMakeFiles/cmTC_fb064.dir/link.txt --verbose=1
/usr/bin/cmake -E remove -f CMakeFiles/cmTC_fb064.dir/objects.a
/usr/bin/x86_64-w64-mingw32-ar cr CMakeFiles/cmTC_fb064.dir/objects.a @CMakeFiles/cmTC_fb064.dir/objects1.rsp
/usr/bin/x86_64-w64-mingw32-g++      -Wl,--whole-archive CMakeFiles/cmTC_fb064.dir/objects.a -Wl,--no-whole-archive  -o cmTC_fb064.exe -Wl,--out-implib,libcmTC_fb064.dll.a -Wl,--major-image-version,0,--minor-image-version,0 @CMakeFiles/cmTC_fb064.dir/linklibs.rsp
make[1]: Leaving directory '/mnt/datos/orco/orpocopo2/trackerdetect/build_win/CMakeFiles/CMakeTmp'


    Feature record: CXX_FEATURE:1cxx_aggregate_default_initializers
    Feature record: CXX_FEATURE:1cxx_alias_templates
    Feature record: CXX_FEATURE:1cxx_alignas
    Feature record: CXX_FEATURE:1cxx_alignof
    Feature record: CXX_FEATURE:1cxx_attributes
    Feature record: CXX_FEATURE:1cxx_attribute_deprecated
    Feature record: CXX_FEATURE:1cxx_auto_type
    Feature record: CXX_FEATURE:1cxx_binary_literals
    Feature record: CXX_FEATURE:1cxx_constexpr
    Feature record: CXX_FEATURE:1cxx_contextual_conversions
    Feature record: CXX_FEATURE:1cxx_decltype
    Feature record: CXX_FEATURE:1cxx_decltype_auto
    Feature record: CXX_FEATURE:1cxx_decltype_incomplete_return_types
    Feature record: CXX_FEATURE:1cxx_default_function_template_args
    Feature record: CXX_FEATURE:1cxx_defaulted_functions
    Feature record: CXX_FEATURE:1cxx_defaulted_move_initializers
    Feature record: CXX_FEATURE:1cxx_delegating_constructors
    Feature record: CXX_FEATURE:1cxx_deleted_functions
    Feature record: CXX_FEATURE:1cxx_digit_separators
    Feature record: CXX_FEATURE:1cxx_enum_forward_declarations
    Feature record: CXX_FEATURE:1cxx_explicit_conversions
    Feature record: CXX_FEATURE:1cxx_extended_friend_declarations
    Feature record: CXX_FEATURE:1cxx_extern_templates
    Feature record: CXX_FEATURE:1cxx_final
    Feature record: CXX_FEATURE:1cxx_func_identifier
    Feature record: CXX_FEATURE:1cxx_generalized_initializers
    Feature record: CXX_FEATURE:1cxx_generic_lambdas
    Feature record: CXX_FEATURE:1cxx_inheriting_constructors
    Feature record: CXX_FEATURE:1cxx_inline_namespaces
    Feature record: CXX_FEATURE:1cxx_lambdas
    Feature record: CXX_FEATURE:1cxx_lambda_init_captures
    Feature record: CXX_FEATURE:1cxx_local_type_template_args
    Feature record: CXX_FEATURE:1cxx_long_long_type
    Feature record: CXX_FEATURE:1cxx_noexcept
    Feature record: CXX_FEATURE:1cxx_nonstatic_member_init
    Feature record: CXX_FEATURE:1cxx_nullptr
    Feature record: CXX_FEATURE:1cxx_override
    Feature record: CXX_FEATURE:1cxx_range_for
    Feature record: CXX_FEATURE:1cxx_raw_string_literals
    Feature record: CXX_FEATURE:1cxx_reference_qualified_functions
    Feature record: CXX_FEATURE:1cxx_relaxed_constexpr
    Feature record: CXX_FEATURE:1cxx_return_type_deduction
    Feature record: CXX_FEATURE:1cxx_right_angle_brackets
    Feature record: CXX_FEATURE:1cxx_rvalue_references
    Feature record: CXX_FEATURE:1cxx_sizeof_member
    Feature record: CXX_FEATURE:1cxx_static_assert
    Feature record: CXX_FEATURE:1cxx_strong_enums
    Feature record: CXX_FEATURE:1cxx_template_template_parameters
    Feature record: CXX_FEATURE:1cxx_thread_local
    Feature record: CXX_FEATURE:1cxx_trailing_return_types
    Feature record: CXX_FEATURE:1cxx_unicode_literals
    Feature record: CXX_FEATURE:1cxx_uniform_initialization
    Feature record: CXX_FEATURE:1cxx_unrestricted_unions
    Feature record: CXX_FEATURE:1cxx_user_literals
    Feature record: CXX_FEATURE:1cxx_variable_templates
    Feature record: CXX_FEATURE:1cxx_variadic_macros
    Feature record: CXX_FEATURE:1cxx_variadic_templates


Detecting CXX [-std=c++11] compiler features compiled with the following output:
Change Dir: /mnt/datos/orco/orpocopo2/trackerdetect/build_win/CMakeFiles/CMakeTmp

Run Build Command:"/usr/bin/make" "cmTC_8b970/fast"
/usr/bin/make -f CMakeFiles/cmTC_8b970.dir/build.make CMakeFiles/cmTC_8b970.dir/build
make[1]: Entering directory '/mnt/datos/orco/orpocopo2/trackerdetect/build_win/CMakeFiles/CMakeTmp'
Building CXX object CMakeFiles/cmTC_8b970.dir/feature_tests.cxx.obj
/usr/bin/x86_64-w64-mingw32-g++   @CMakeFiles/cmTC_8b970.dir/includes_CXX.rsp -std=c++11 -o CMakeFiles/cmTC_8b970.dir/feature_tests.cxx.obj -c /mnt/datos/orco/orpocopo2/trackerdetect/build_win/CMakeFiles/feature_tests.cxx
Linking CXX executable cmTC_8b970.exe
/usr/bin/cmake -E cmake_link_script CMakeFiles/cmTC_8b970.dir/link.txt --verbose=1
/usr/bin/cmake -E remove -f CMakeFiles/cmTC_8b970.dir/objects.a
/usr/bin/x86_64-w64-mingw32-ar cr CMakeFiles/cmTC_8b970.dir/objects.a @CMakeFiles/cmTC_8b970.dir/objects1.rsp
/usr/bin/x86_64-w64-mingw32-g++      -Wl,--whole-archive CMakeFiles/cmTC_8b970.dir/objects.a -Wl,--no-whole-archive  -o cmTC_8b970.exe -Wl,--out-implib,libcmTC_8b970.dll.a -Wl,--major-image-version,0,--minor-image-version,0 @CMakeFiles/cmTC_8b970.dir/linklibs.rsp
make[1]: Leaving directory '/mnt/datos/orco/orpocopo2/trackerdetect/build_win/CMakeFiles/CMakeTmp'


    Feature record: CXX_FEATURE:0cxx_aggregate_default_initializers
    Feature record: CXX_FEATURE:1cxx_alias_templates
    Feature record: CXX_FEATURE:1cxx_alignas
    Feature record: CXX_FEATURE:1cxx_alignof
    Feature record: CXX_FEATURE:1cxx_attributes
    Feature record: CXX_FEATURE:0cxx_attribute_deprecated
    Feature record: CXX_FEATURE:1cxx_auto_type
    Feature record: CXX_FEATURE:0cxx_binary_literals
    Feature record: CXX_FEATURE:1cxx_constexpr
    Feature record: CXX_FEATURE:0cxx_contextual_conversions
    Feature record: CXX_FEATURE:1cxx_decltype
    Feature record: CXX_FEATURE:0cxx_decltype_auto
    Feature record: CXX_FEATURE:1cxx_decltype_incomplete_return_types
    Feature record: CXX_FEATURE:1cxx_default_function_template_args
    Feature record: CXX_FEATURE:1cxx_defaulted_functions
    Feature record: CXX_FEATURE:1cxx_defaulted_move_initializers
    Feature record: CXX_FEATURE:1cxx_delegating_constructors
    Feature record: CXX_FEATURE:1cxx_deleted_functions
    Feature record: CXX_FEATURE:0cxx_digit_separators
    Feature record: CXX_FEATURE:1cxx_enum_forward_declarations
    Feature record: CXX_FEATURE:1cxx_explicit_conversions
    Feature record: CXX_FEATURE:1cxx_extended_friend_declarations
    Feature record: CXX_FEATURE:1cxx_extern_templates
    Feature record: CXX_FEATURE:1cxx_final
    Feature record: CXX_FEATURE:1cxx_func_identifier
    Feature record: CXX_FEATURE:1cxx_generalized_initializers
    Feature record: CXX_FEATURE:0cxx_generic_lambdas
    Feature record: CXX_FEATURE:1cxx_inheriting_constructors
    Feature record: CXX_FEATURE:1cxx_inline_namespaces
    Feature record: CXX_FEATURE:1cxx_lambdas
    Feature record: CXX_FEATURE:0cxx_lambda_init_captures
    Feature record: CXX_FEATURE:1cxx_local_type_template_args
    Feature record: CXX_FEATURE:1cxx_long_long_type
    Feature record: CXX_FEATURE:1cxx_noexcept
    Feature record: CXX_FEATURE:1cxx_nonstatic_member_init
    Feature record: CXX_FEATURE:1cxx_nullptr
    Feature record: CXX_FEATURE:1cxx_override
    Feature record: CXX_FEATURE:1cxx_range_for
    Feature record: CXX_FEATURE:1cxx_raw_string_literals
    Feature record: CXX_FEATURE:1cxx_reference_qualified_functions
    Feature record: CXX_FEATURE:0cxx_relaxed_constexpr
    Feature record: CXX_FEATURE:0cxx_return_type_deduction
    Feature record: CXX_FEATURE:1cxx_right_angle_brackets
    Feature record: CXX_FEATURE:1cxx_rvalue_references
    Feature record: CXX_FEATURE:1cxx_sizeof_member
    Feature record: CXX_FEATURE:1cxx_static_assert
    Feature record: CXX_FEATURE:1cxx_strong_enums
    Feature record: CXX_FEATURE:1cxx_template_template_parameters
    Feature record: CXX_FEATURE:1cxx_thread_local
    Feature record: CXX_FEATURE:1cxx_trailing_return_types
    Feature record: CXX_FEATURE:1cxx_unicode_literals
    Feature record: CXX_FEATURE:1cxx_uniform_initialization
    Feature record: CXX_FEATURE:1cxx_unrestricted_unions
    Feature record: CXX_FEATURE:1cxx_user_literals
    Feature record: CXX_FEATURE:0cxx_variable_templates
    Feature record: CXX_FEATURE:1cxx_variadic_macros
    Feature record: CXX_FEATURE:1cxx_variadic_templates


Detecting CXX [-std=c++98] compiler features compiled with the following output:
Change Dir: /mnt/datos/orco/orpocopo2/trackerdetect/build_win/CMakeFiles/CMakeTmp

Run Build Command:"/usr/bin/make" "cmTC_c8dd7/fast"
/usr/bin/make -f CMakeFiles/cmTC_c8dd7.dir/build.make CMakeFiles/cmTC_c8dd7.dir/build
make[1]: Entering directory '/mnt/datos/orco/orpocopo2/trackerdetect/build_win/CMakeFiles/CMakeTmp'
Building CXX object CMakeFiles/cmTC_c8dd7.dir/feature_tests.cxx.obj
/usr/bin/x86_64-w64-mingw32-g++   @CMakeFiles/cmTC_c8dd7.dir/includes_CXX.rsp -std=c++98 -o CMakeFiles/cmTC_c8dd7.dir/feature_tests.cxx.obj -c /mnt/datos/orco/orpocopo2/trackerdetect/build_win/CMakeFiles/feature_tests.cxx
Linking CXX executable cmTC_c8dd7.exe
/usr/bin/cmake -E cmake_link_script CMakeFiles/cmTC_c8dd7.dir/link.txt --verbose=1
/usr/bin/cmake -E remove -f CMakeFiles/cmTC_c8dd7.dir/objects.a
/usr/bin/x86_64-w64-mingw32-ar cr CMakeFiles/cmTC_c8dd7.dir/objects.a @CMakeFiles/cmTC_c8dd7.dir/objects1.rsp
/usr/bin/x86_64-w64-mingw32-g++      -Wl,--whole-archive CMakeFiles/cmTC_c8dd7.dir/objects.a -Wl,--no-whole-archive  -o cmTC_c8dd7.exe -Wl,--out-implib,libcmTC_c8dd7.dll.a -Wl,--major-image-version,0,--minor-image-version,0 @CMakeFiles/cmTC_c8dd7.dir/linklibs.rsp
make[1]: Leaving directory '/mnt/datos/orco/orpocopo2/trackerdetect/build_win/CMakeFiles/CMakeTmp'


    Feature record: CXX_FEATURE:0cxx_aggregate_default_initializers
    Feature record: CXX_FEATURE:0cxx_alias_templates
    Feature record: CXX_FEATURE:0cxx_alignas
    Feature record: CXX_FEATURE:0cxx_alignof
    Feature record: CXX_FEATURE:0cxx_attributes
    Feature record: CXX_FEATURE:0cxx_attribute_deprecated
    Feature record: CXX_FEATURE:0cxx_auto_type
    Feature record: CXX_FEATURE:0cxx_binary_literals
    Feature record: CXX_FEATURE:0cxx_constexpr
    Feature record: CXX_FEATURE:0cxx_contextual_conversions
    Feature record: CXX_FEATURE:0cxx_decltype
    Feature record: CXX_FEATURE:0cxx_decltype_auto
    Feature record: CXX_FEATURE:0cxx_decltype_incomplete_return_types
    Feature record: CXX_FEATURE:0cxx_default_function_template_args
    Feature record: CXX_FEATURE:0cxx_defaulted_functions
    Feature record: CXX_FEATURE:0cxx_defaulted_move_initializers
    Feature record: CXX_FEATURE:0cxx_delegating_constructors
    Feature record: CXX_FEATURE:0cxx_deleted_functions
    Feature record: CXX_FEATURE:0cxx_digit_separators
    Feature record: CXX_FEATURE:0cxx_enum_forward_declarations
    Feature record: CXX_FEATURE:0cxx_explicit_conversions
    Feature record: CXX_FEATURE:0cxx_extended_friend_declarations
    Feature record: CXX_FEATURE:0cxx_extern_templates
    Feature record: CXX_FEATURE:0cxx_final
    Feature record: CXX_FEATURE:0cxx_func_identifier
    Feature record: CXX_FEATURE:0cxx_generalized_initializers
    Feature record: CXX_FEATURE:0cxx_generic_lambdas
    Feature record: CXX_FEATURE:0cxx_inheriting_constructors
    Feature record: CXX_FEATURE:0cxx_inline_namespaces
    Feature record: CXX_FEATURE:0cxx_lambdas
    Feature record: CXX_FEATURE:0cxx_lambda_init_captures
    Feature record: CXX_FEATURE:0cxx_local_type_template_args
    Feature record: CXX_FEATURE:0cxx_long_long_type
    Feature record: CXX_FEATURE:0cxx_noexcept
    Feature record: CXX_FEATURE:0cxx_nonstatic_member_init
    Feature record: CXX_FEATURE:0cxx_nullptr
    Feature record: CXX_FEATURE:0cxx_override
    Feature record: CXX_FEATURE:0cxx_range_for
    Feature record: CXX_FEATURE:0cxx_raw_string_literals
    Feature record: CXX_FEATURE:0cxx_reference_qualified_functions
    Feature record: CXX_FEATURE:0cxx_relaxed_constexpr
    Feature record: CXX_FEATURE:0cxx_return_type_deduction
    Feature record: CXX_FEATURE:0cxx_right_angle_brackets
    Feature record: CXX_FEATURE:0cxx_rvalue_references
    Feature record: CXX_FEATURE:0cxx_sizeof_member
    Feature record: CXX_FEATURE:0cxx_static_assert
    Feature record: CXX_FEATURE:0cxx_strong_enums
    Feature record: CXX_FEATURE:1cxx_template_template_parameters
    Feature record: CXX_FEATURE:0cxx_thread_local
    Feature record: CXX_FEATURE:0cxx_trailing_return_types
    Feature record: CXX_FEATURE:0cxx_unicode_literals
    Feature record: CXX_FEATURE:0cxx_uniform_initialization
    Feature record: CXX_FEATURE:0cxx_unrestricted_unions
    Feature record: CXX_FEATURE:0cxx_user_literals
    Feature record: CXX_FEATURE:0cxx_variable_templates
    Feature record: CXX_FEATURE:0cxx_variadic_macros
    Feature record: CXX_FEATURE:0cxx_variadic_templates
